<?xml version="1.0" encoding="UTF-8"?>
<!--
 - - - - - - - - - - - - - - - - - - - - - - - - - - - - - - - - - - - - - - -
 - EasyBeans
 - Copyright (C) 2008 Bull S.A.S.
 - Contact: easybeans@ow2.org
 -
 - This library is free software; you can redistribute it and/or
 - modify it under the terms of the GNU Lesser General Public
 - License as published by the Free Software Foundation; either
 - version 2.1 of the License, or any later version.
 -
 - This library is distributed in the hope that it will be useful,
 - but WITHOUT ANY WARRANTY; without even the implied warranty of
 - MERCHANTABILITY or FITNESS FOR A PARTICULAR PURPOSE.  See the GNU
 - Lesser General Public License for more details.
 -
 - You should have received a copy of the GNU Lesser General Public
 - License along with this library; if not, write to the Free Software
 - Foundation, Inc., 59 Temple Place, Suite 330, Boston, MA  02111-1307
 - USA
 -
 - - - - - - - - - - - - - - - - - - - - - - - - - - - - - - - - - - - - - - -
 - $Id: test-ws-easybeans.xml 4832 2009-03-23 17:46:11Z sauthieg $
 - - - - - - - - - - - - - - - - - - - - - - - - - - - - - - - - - - - - - - -
 -->
<easybeans xmlns="http://org.ow2.easybeans.deployment.ejb">

  <ejb>
    <session>
      <ejb-name>WebserviceSLSB</ejb-name>
      <context-root>/mine</context-root>
      <endpoint-address>/ping</endpoint-address>
      <realm-name>myRealm</realm-name>
      <transport-guarantee>CONFIDENTIAL</transport-guarantee>
      <auth-method>NONE</auth-method>
      <http-method>GET</http-method>
      <http-method>POST</http-method>
    </session>
  </ejb>

</easybeans>